14:50:32 **** Build of configuration Debug for project TC3x7_XCP ****
make --output-sync -j16 all 
Building file: ../Libraries/iLLD/TC36A/Tricore/_PinMap/IfxAsclin_PinMap.c
Invoking: TASKING C/C++ Compiler
TASKING VX-toolset for AURIX Development Studio (non-commercial): control program v1.1r8 Build 22011964
cctc -cs --dep-file="Libraries/iLLD/TC36A/Tricore/_PinMap/IfxAsclin_PinMap.d" --misrac-version=2004 -D__CPU__=tc36x "-fC:/Users/uif47623/AURIX-v1.9.0-workspace/TC3x7_XCP/Debug/TASKING_C_C___Compiler-Include_paths.opt" --iso=99 --c++14 --language=+volatile --exceptions --anachronisms --fp-model=3 -O0 --tradeoff=4 --compact-max-size=200 -g -Wc-w544 -Wc-w557 -Ctc36x -Y0 -N0 -Z0 -o "Libraries/iLLD/TC36A/Tricore/_PinMap/IfxAsclin_PinMap.src" "../Libraries/iLLD/TC36A/Tricore/_PinMap/IfxAsclin_PinMap.c" && \
if [ -f "Libraries/iLLD/TC36A/Tricore/_PinMap/IfxAsclin_PinMap.d" ]; then sed.exe -r  -e 's/\b(.+\.o)\b/Libraries\/iLLD\/TC36A\/Tricore\/_PinMap\/\1/g' -e 's/\\/\//g' -e 's/\/\//\//g' -e 's/"//g' -e 's/([a-zA-Z]:\/)/\L\1/g' -e 's/\d32:/@TARGET_DELIMITER@/g; s/\\\d32/@ESCAPED_SPACE@/g; s/\d32/\\\d32/g; s/@ESCAPED_SPACE@/\\\d32/g; s/@TARGET_DELIMITER@/\d32:/g' "Libraries/iLLD/TC36A/Tricore/_PinMap/IfxAsclin_PinMap.d" > "Libraries/iLLD/TC36A/Tricore/_PinMap/IfxAsclin_PinMap.d_sed" && cp "Libraries/iLLD/TC36A/Tricore/_PinMap/IfxAsclin_PinMap.d_sed" "Libraries/iLLD/TC36A/Tricore/_PinMap/IfxAsclin_PinMap.d" && rm -f "Libraries/iLLD/TC36A/Tricore/_PinMap/IfxAsclin_PinMap.d_sed" 2>/dev/null; else echo 'No dependency file to process';fi
ctc E272: ["../Libraries/iLLD/TC36A/Tricore/_PinMap/IfxAsclin_PinMap.c" 60/46] undeclared identifier "MODULE_ASCLIN10"
ctc W523: ["../Libraries/iLLD/TC36A/Tricore/_PinMap/IfxAsclin_PinMap.c" 60/46] pointers to different types at initializer
ctc E306: ["../Libraries/iLLD/TC36A/Tricore/_PinMap/IfxAsclin_PinMap.c" 60/46] initializer must be constant
ctc W523: ["../Libraries/iLLD/TC36A/Tricore/_PinMap/IfxAsclin_PinMap.c" 61/46] pointers to different types at initializer
ctc E306: ["../Libraries/iLLD/TC36A/Tricore/_PinMap/IfxAsclin_PinMap.c" 61/46] initializer must be constant
ctc W523: ["../Libraries/iLLD/TC36A/Tricore/_PinMap/IfxAsclin_PinMap.c" 62/46] pointers to different types at initializer
ctc E306: ["../Libraries/iLLD/TC36A/Tricore/_PinMap/IfxAsclin_PinMap.c" 62/46] initializer must be constant
ctc W523: ["../Libraries/iLLD/TC36A/Tricore/_PinMap/IfxAsclin_PinMap.c" 63/46] pointers to different types at initializer
ctc E306: ["../Libraries/iLLD/TC36A/Tricore/_PinMap/IfxAsclin_PinMap.c" 63/46] initializer must be constant
ctc E272: ["../Libraries/iLLD/TC36A/Tricore/_PinMap/IfxAsclin_PinMap.c" 64/46] undeclared identifier "MODULE_ASCLIN11"
ctc W523: ["../Libraries/iLLD/TC36A/Tricore/_PinMap/IfxAsclin_PinMap.c" 64/46] pointers to different types at initializer
ctc E306: ["../Libraries/iLLD/TC36A/Tricore/_PinMap/IfxAsclin_PinMap.c" 64/46] initializer must be constant
ctc W523: ["../Libraries/iLLD/TC36A/Tricore/_PinMap/IfxAsclin_PinMap.c" 65/46] pointers to different types at initializer
ctc E306: ["../Libraries/iLLD/TC36A/Tricore/_PinMap/IfxAsclin_PinMap.c" 65/46] initializer must be constant
ctc W523: ["../Libraries/iLLD/TC36A/Tricore/_PinMap/IfxAsclin_PinMap.c" 66/46] pointers to different types at initializer
ctc E306: ["../Libraries/iLLD/TC36A/Tricore/_PinMap/IfxAsclin_PinMap.c" 66/46] initializer must be constant
ctc W523: ["../Libraries/iLLD/TC36A/Tricore/_PinMap/IfxAsclin_PinMap.c" 67/46] pointers to different types at initializer
ctc E306: ["../Libraries/iLLD/TC36A/Tricore/_PinMap/IfxAsclin_PinMap.c" 67/46] initializer must be constant
ctc W523: ["../Libraries/iLLD/TC36A/Tricore/_PinMap/IfxAsclin_PinMap.c" 68/46] pointers to different types at initializer
ctc E306: ["../Libraries/iLLD/TC36A/Tricore/_PinMap/IfxAsclin_PinMap.c" 68/46] initializer must be constant
ctc W523: ["../Libraries/iLLD/TC36A/Tricore/_PinMap/IfxAsclin_PinMap.c" 69/46] pointers to different types at initializer
ctc E306: ["../Libraries/iLLD/TC36A/Tricore/_PinMap/IfxAsclin_PinMap.c" 69/46] initializer must be constant
ctc E272: ["../Libraries/iLLD/TC36A/Tricore/_PinMap/IfxAsclin_PinMap.c" 99/45] undeclared identifier "MODULE_ASCLIN8"
ctc W523: ["../Libraries/iLLD/TC36A/Tricore/_PinMap/IfxAsclin_PinMap.c" 99/45] pointers to different types at initializer
ctc E306: ["../Libraries/iLLD/TC36A/Tricore/_PinMap/IfxAsclin_PinMap.c" 99/45] initializer must be constant
ctc W523: ["../Libraries/iLLD/TC36A/Tricore/_PinMap/IfxAsclin_PinMap.c" 100/45] pointers to different types at initializer
ctc E306: ["../Libraries/iLLD/TC36A/Tricore/_PinMap/IfxAsclin_PinMap.c" 100/45] initializer must be constant
ctc E272: ["../Libraries/iLLD/TC36A/Tricore/_PinMap/IfxAsclin_PinMap.c" 101/45] undeclared identifier "MODULE_ASCLIN9"
ctc W523: ["../Libraries/iLLD/TC36A/Tricore/_PinMap/IfxAsclin_PinMap.c" 101/45] pointers to different types at initializer
ctc E306: ["../Libraries/iLLD/TC36A/Tricore/_PinMap/IfxAsclin_PinMap.c" 101/45] initializer must be constant
ctc W523: ["../Libraries/iLLD/TC36A/Tricore/_PinMap/IfxAsclin_PinMap.c" 102/45] pointers to different types at initializer
ctc E306: ["../Libraries/iLLD/TC36A/Tricore/_PinMap/IfxAsclin_PinMap.c" 102/45] initializer must be constant
ctc W523: ["../Libraries/iLLD/TC36A/Tricore/_PinMap/IfxAsclin_PinMap.c" 103/45] pointers to different types at initializer
ctc E306: ["../Libraries/iLLD/TC36A/Tricore/_PinMap/IfxAsclin_PinMap.c" 103/45] initializer must be constant
ctc W523: ["../Libraries/iLLD/TC36A/Tricore/_PinMap/IfxAsclin_PinMap.c" 104/45] pointers to different types at initializer
ctc E306: ["../Libraries/iLLD/TC36A/Tricore/_PinMap/IfxAsclin_PinMap.c" 104/45] initializer must be constant
ctc W523: ["../Libraries/iLLD/TC36A/Tricore/_PinMap/IfxAsclin_PinMap.c" 107/51] pointers to different types at initializer
ctc E306: ["../Libraries/iLLD/TC36A/Tricore/_PinMap/IfxAsclin_PinMap.c" 107/51] initializer must be constant
ctc W523: ["../Libraries/iLLD/TC36A/Tricore/_PinMap/IfxAsclin_PinMap.c" 108/51] pointers to different types at initializer
ctc E306: ["../Libraries/iLLD/TC36A/Tricore/_PinMap/IfxAsclin_PinMap.c" 108/51] initializer must be constant
ctc W523: ["../Libraries/iLLD/TC36A/Tricore/_PinMap/IfxAsclin_PinMap.c" 132/50] pointers to different types at initializer
ctc E306: ["../Libraries/iLLD/TC36A/Tricore/_PinMap/IfxAsclin_PinMap.c" 132/50] initializer must be constant
ctc W523: ["../Libraries/iLLD/TC36A/Tricore/_PinMap/IfxAsclin_PinMap.c" 133/51] pointers to different types at initializer
ctc E306: ["../Libraries/iLLD/TC36A/Tricore/_PinMap/IfxAsclin_PinMap.c" 133/51] initializer must be constant
ctc W523: ["../Libraries/iLLD/TC36A/Tricore/_PinMap/IfxAsclin_PinMap.c" 134/51] pointers to different types at initializer
ctc E306: ["../Libraries/iLLD/TC36A/Tricore/_PinMap/IfxAsclin_PinMap.c" 134/51] initializer must be constant
ctc W523: ["../Libraries/iLLD/TC36A/Tricore/_PinMap/IfxAsclin_PinMap.c" 157/47] pointers to different types at initializer
ctc E306: ["../Libraries/iLLD/TC36A/Tricore/_PinMap/IfxAsclin_PinMap.c" 157/47] initializer must be constant
ctc W523: ["../Libraries/iLLD/TC36A/Tricore/_PinMap/IfxAsclin_PinMap.c" 158/47] pointers to different types at initializer
ctc E306: ["../Libraries/iLLD/TC36A/Tricore/_PinMap/IfxAsclin_PinMap.c" 158/47] initializer must be constant
ctc W523: ["../Libraries/iLLD/TC36A/Tricore/_PinMap/IfxAsclin_PinMap.c" 159/47] pointers to different types at initializer
ctc E306: ["../Libraries/iLLD/TC36A/Tricore/_PinMap/IfxAsclin_PinMap.c" 159/47] initializer must be constant
ctc W523: ["../Libraries/iLLD/TC36A/Tricore/_PinMap/IfxAsclin_PinMap.c" 160/47] pointers to different types at initializer
ctc E306: ["../Libraries/iLLD/TC36A/Tricore/_PinMap/IfxAsclin_PinMap.c" 160/47] initializer must be constant
ctc W523: ["../Libraries/iLLD/TC36A/Tricore/_PinMap/IfxAsclin_PinMap.c" 161/47] pointers to different types at initializer
ctc E306: ["../Libraries/iLLD/TC36A/Tricore/_PinMap/IfxAsclin_PinMap.c" 161/47] initializer must be constant
ctc W523: ["../Libraries/iLLD/TC36A/Tricore/_PinMap/IfxAsclin_PinMap.c" 199/46] pointers to different types at initializer
ctc E306: ["../Libraries/iLLD/TC36A/Tricore/_PinMap/IfxAsclin_PinMap.c" 199/46] initializer must be constant
ctc W523: ["../Libraries/iLLD/TC36A/Tricore/_PinMap/IfxAsclin_PinMap.c" 200/46] pointers to different types at initializer
ctc E306: ["../Libraries/iLLD/TC36A/Tricore/_PinMap/IfxAsclin_PinMap.c" 200/46] initializer must be constant
ctc W523: ["../Libraries/iLLD/TC36A/Tricore/_PinMap/IfxAsclin_PinMap.c" 201/46] pointers to different types at initializer
ctc E306: ["../Libraries/iLLD/TC36A/Tricore/_PinMap/IfxAsclin_PinMap.c" 201/46] initializer must be constant
33 errors, 29 warnings
make: *** [Libraries/iLLD/TC36A/Tricore/_PinMap/subdir.mk:99: Libraries/iLLD/TC36A/Tricore/_PinMap/IfxAsclin_PinMap.src] Error 1
make: *** Waiting for unfinished jobs....
Building file: ../Timer_Interrupt/GPT12_Timer_Interrupt.c
Invoking: TASKING C/C++ Compiler
cctc -cs --dep-file="Timer_Interrupt/GPT12_Timer_Interrupt.d" --misrac-version=2004 -D__CPU__=tc36x "-fC:/Users/uif47623/AURIX-v1.9.0-workspace/TC3x7_XCP/Debug/TASKING_C_C___Compiler-Include_paths.opt" --iso=99 --c++14 --language=+volatile --exceptions --anachronisms --fp-model=3 -O0 --tradeoff=4 --compact-max-size=200 -g -Wc-w544 -Wc-w557 -Ctc36x -Y0 -N0 -Z0 -o "Timer_Interrupt/GPT12_Timer_Interrupt.src" "../Timer_Interrupt/GPT12_Timer_Interrupt.c" && \
TASKING VX-toolset for AURIX Development Studio (non-commercial): control program v1.1r8 Build 22011964
if [ -f "Timer_Interrupt/GPT12_Timer_Interrupt.d" ]; then sed.exe -r  -e 's/\b(.+\.o)\b/Timer_Interrupt\/\1/g' -e 's/\\/\//g' -e 's/\/\//\//g' -e 's/"//g' -e 's/([a-zA-Z]:\/)/\L\1/g' -e 's/\d32:/@TARGET_DELIMITER@/g; s/\\\d32/@ESCAPED_SPACE@/g; s/\d32/\\\d32/g; s/@ESCAPED_SPACE@/\\\d32/g; s/@TARGET_DELIMITER@/\d32:/g' "Timer_Interrupt/GPT12_Timer_Interrupt.d" > "Timer_Interrupt/GPT12_Timer_Interrupt.d_sed" && cp "Timer_Interrupt/GPT12_Timer_Interrupt.d_sed" "Timer_Interrupt/GPT12_Timer_Interrupt.d" && rm -f "Timer_Interrupt/GPT12_Timer_Interrupt.d_sed" 2>/dev/null; else echo 'No dependency file to process';fi
ctc E208: ["C:\\Users\\uif47623\\AURIX-v1.9.0-workspace\\TC3x7_XCP\\Libraries\\iLLD\\TC36A\\Tricore\Scu\Std\IfxScuCcu.h" 1503/25] syntax error - token ";" inserted before "ccucon5"
1 errors, 0 warnings
make: *** [Timer_Interrupt/subdir.mk:23: Timer_Interrupt/GPT12_Timer_Interrupt.src] Error 1
Building file: ../Task_Scheduler/Task_Scheduler.c
Invoking: TASKING C/C++ Compiler
TASKING VX-toolset for AURIX Development Studio (non-commercial): control program v1.1r8 Build 22011964
cctc -cs --dep-file="Task_Scheduler/Task_Scheduler.d" --misrac-version=2004 -D__CPU__=tc36x "-fC:/Users/uif47623/AURIX-v1.9.0-workspace/TC3x7_XCP/Debug/TASKING_C_C___Compiler-Include_paths.opt" --iso=99 --c++14 --language=+volatile --exceptions --anachronisms --fp-model=3 -O0 --tradeoff=4 --compact-max-size=200 -g -Wc-w544 -Wc-w557 -Ctc36x -Y0 -N0 -Z0 -o "Task_Scheduler/Task_Scheduler.src" "../Task_Scheduler/Task_Scheduler.c" && \
ctc E208: ["C:\\Users\\uif47623\\AURIX-v1.9.0-workspace\\TC3x7_XCP\\Libraries\\iLLD\\TC36A\\Tricore\Scu\Std\IfxScuCcu.h" 1503/25] syntax error - token ";" inserted before "ccucon5"
1 errors, 0 warnings
if [ -f "Task_Scheduler/Task_Scheduler.d" ]; then sed.exe -r  -e 's/\b(.+\.o)\b/Task_Scheduler\/\1/g' -e 's/\\/\//g' -e 's/\/\//\//g' -e 's/"//g' -e 's/([a-zA-Z]:\/)/\L\1/g' -e 's/\d32:/@TARGET_DELIMITER@/g; s/\\\d32/@ESCAPED_SPACE@/g; s/\d32/\\\d32/g; s/@ESCAPED_SPACE@/\\\d32/g; s/@TARGET_DELIMITER@/\d32:/g' "Task_Scheduler/Task_Scheduler.d" > "Task_Scheduler/Task_Scheduler.d_sed" && cp "Task_Scheduler/Task_Scheduler.d_sed" "Task_Scheduler/Task_Scheduler.d" && rm -f "Task_Scheduler/Task_Scheduler.d_sed" 2>/dev/null; else echo 'No dependency file to process';fi
make: *** [Task_Scheduler/subdir.mk:23: Task_Scheduler/Task_Scheduler.src] Error 1
Building file: ../MCMCAN/MCMCAN.c
Invoking: TASKING C/C++ Compiler
cctc -cs --dep-file="MCMCAN/MCMCAN.d" --misrac-version=2004 -D__CPU__=tc36x "-fC:/Users/uif47623/AURIX-v1.9.0-workspace/TC3x7_XCP/Debug/TASKING_C_C___Compiler-Include_paths.opt" --iso=99 --c++14 --language=+volatile --exceptions --anachronisms --fp-model=3 -O0 --tradeoff=4 --compact-max-size=200 -g -Wc-w544 -Wc-w557 -Ctc36x -Y0 -N0 -Z0 -o "MCMCAN/MCMCAN.src" "../MCMCAN/MCMCAN.c" && \
if [ -f "MCMCAN/MCMCAN.d" ]; then sed.exe -r  -e 's/\b(.+\.o)\b/MCMCAN\/\1/g' -e 's/\\/\//g' -e 's/\/\//\//g' -e 's/"//g' -e 's/([a-zA-Z]:\/)/\L\1/g' -e 's/\d32:/@TARGET_DELIMITER@/g; s/\\\d32/@ESCAPED_SPACE@/g; s/\d32/\\\d32/g; s/@ESCAPED_SPACE@/\\\d32/g; s/@TARGET_DELIMITER@/\d32:/g' "MCMCAN/MCMCAN.d" > "MCMCAN/MCMCAN.d_sed" && cp "MCMCAN/MCMCAN.d_sed" "MCMCAN/MCMCAN.d" && rm -f "MCMCAN/MCMCAN.d_sed" 2>/dev/null; else echo 'No dependency file to process';fi
TASKING VX-toolset for AURIX Development Studio (non-commercial): control program v1.1r8 Build 22011964
ctc E208: ["C:\\Users\\uif47623\\AURIX-v1.9.0-workspace\\TC3x7_XCP\\Libraries\\iLLD\\TC36A\\Tricore\Scu\Std\IfxScuCcu.h" 1503/25] syntax error - token ";" inserted before "ccucon5"
1 errors, 0 warnings
make: *** [MCMCAN/subdir.mk:23: MCMCAN/MCMCAN.src] Error 1
Building file: ../Libraries/iLLD/TC36A/Tricore/_PinMap/IfxCan_PinMap.c
Invoking: TASKING C/C++ Compiler
cctc -cs --dep-file="Libraries/iLLD/TC36A/Tricore/_PinMap/IfxCan_PinMap.d" --misrac-version=2004 -D__CPU__=tc36x "-fC:/Users/uif47623/AURIX-v1.9.0-workspace/TC3x7_XCP/Debug/TASKING_C_C___Compiler-Include_paths.opt" --iso=99 --c++14 --language=+volatile --exceptions --anachronisms --fp-model=3 -O0 --tradeoff=4 --compact-max-size=200 -g -Wc-w544 -Wc-w557 -Ctc36x -Y0 -N0 -Z0 -o "Libraries/iLLD/TC36A/Tricore/_PinMap/IfxCan_PinMap.src" "../Libraries/iLLD/TC36A/Tricore/_PinMap/IfxCan_PinMap.c" && \
TASKING VX-toolset for AURIX Development Studio (non-commercial): control program v1.1r8 Build 22011964
if [ -f "Libraries/iLLD/TC36A/Tricore/_PinMap/IfxCan_PinMap.d" ]; then sed.exe -r  -e 's/\b(.+\.o)\b/Libraries\/iLLD\/TC36A\/Tricore\/_PinMap\/\1/g' -e 's/\\/\//g' -e 's/\/\//\//g' -e 's/"//g' -e 's/([a-zA-Z]:\/)/\L\1/g' -e 's/\d32:/@TARGET_DELIMITER@/g; s/\\\d32/@ESCAPED_SPACE@/g; s/\d32/\\\d32/g; s/@ESCAPED_SPACE@/\\\d32/g; s/@TARGET_DELIMITER@/\d32:/g' "Libraries/iLLD/TC36A/Tricore/_PinMap/IfxCan_PinMap.d" > "Libraries/iLLD/TC36A/Tricore/_PinMap/IfxCan_PinMap.d_sed" && cp "Libraries/iLLD/TC36A/Tricore/_PinMap/IfxCan_PinMap.d_sed" "Libraries/iLLD/TC36A/Tricore/_PinMap/IfxCan_PinMap.d" && rm -f "Libraries/iLLD/TC36A/Tricore/_PinMap/IfxCan_PinMap.d_sed" 2>/dev/null; else echo 'No dependency file to process';fi
Finished building: ../Libraries/iLLD/TC36A/Tricore/_PinMap/IfxCan_PinMap.c
 
Building file: ../Libraries/iLLD/TC36A/Tricore/_PinMap/IfxCcu6_PinMap.c
Invoking: TASKING C/C++ Compiler
cctc -cs --dep-file="Libraries/iLLD/TC36A/Tricore/_PinMap/IfxCcu6_PinMap.d" --misrac-version=2004 -D__CPU__=tc36x "-fC:/Users/uif47623/AURIX-v1.9.0-workspace/TC3x7_XCP/Debug/TASKING_C_C___Compiler-Include_paths.opt" --iso=99 --c++14 --language=+volatile --exceptions --anachronisms --fp-model=3 -O0 --tradeoff=4 --compact-max-size=200 -g -Wc-w544 -Wc-w557 -Ctc36x -Y0 -N0 -Z0 -o "Libraries/iLLD/TC36A/Tricore/_PinMap/IfxCcu6_PinMap.src" "../Libraries/iLLD/TC36A/Tricore/_PinMap/IfxCcu6_PinMap.c" && \
if [ -f "Libraries/iLLD/TC36A/Tricore/_PinMap/IfxCcu6_PinMap.d" ]; then sed.exe -r  -e 's/\b(.+\.o)\b/Libraries\/iLLD\/TC36A\/Tricore\/_PinMap\/\1/g' -e 's/\\/\//g' -e 's/\/\//\//g' -e 's/"//g' -e 's/([a-zA-Z]:\/)/\L\1/g' -e 's/\d32:/@TARGET_DELIMITER@/g; s/\\\d32/@ESCAPED_SPACE@/g; s/\d32/\\\d32/g; s/@ESCAPED_SPACE@/\\\d32/g; s/@TARGET_DELIMITER@/\d32:/g' "Libraries/iLLD/TC36A/Tricore/_PinMap/IfxCcu6_PinMap.d" > "Libraries/iLLD/TC36A/Tricore/_PinMap/IfxCcu6_PinMap.d_sed" && cp "Libraries/iLLD/TC36A/Tricore/_PinMap/IfxCcu6_PinMap.d_sed" "Libraries/iLLD/TC36A/Tricore/_PinMap/IfxCcu6_PinMap.d" && rm -f "Libraries/iLLD/TC36A/Tricore/_PinMap/IfxCcu6_PinMap.d_sed" 2>/dev/null; else echo 'No dependency file to process';fi
Finished building: ../Libraries/iLLD/TC36A/Tricore/_PinMap/IfxCcu6_PinMap.c
 
TASKING VX-toolset for AURIX Development Studio (non-commercial): control program v1.1r8 Build 22011964
Building file: ../Libraries/iLLD/TC36A/Tricore/_PinMap/IfxDmu_PinMap.c
Invoking: TASKING C/C++ Compiler
cctc -cs --dep-file="Libraries/iLLD/TC36A/Tricore/_PinMap/IfxDmu_PinMap.d" --misrac-version=2004 -D__CPU__=tc36x "-fC:/Users/uif47623/AURIX-v1.9.0-workspace/TC3x7_XCP/Debug/TASKING_C_C___Compiler-Include_paths.opt" --iso=99 --c++14 --language=+volatile --exceptions --anachronisms --fp-model=3 -O0 --tradeoff=4 --compact-max-size=200 -g -Wc-w544 -Wc-w557 -Ctc36x -Y0 -N0 -Z0 -o "Libraries/iLLD/TC36A/Tricore/_PinMap/IfxDmu_PinMap.src" "../Libraries/iLLD/TC36A/Tricore/_PinMap/IfxDmu_PinMap.c" && \
if [ -f "Libraries/iLLD/TC36A/Tricore/_PinMap/IfxDmu_PinMap.d" ]; then sed.exe -r  -e 's/\b(.+\.o)\b/Libraries\/iLLD\/TC36A\/Tricore\/_PinMap\/\1/g' -e 's/\\/\//g' -e 's/\/\//\//g' -e 's/"//g' -e 's/([a-zA-Z]:\/)/\L\1/g' -e 's/\d32:/@TARGET_DELIMITER@/g; s/\\\d32/@ESCAPED_SPACE@/g; s/\d32/\\\d32/g; s/@ESCAPED_SPACE@/\\\d32/g; s/@TARGET_DELIMITER@/\d32:/g' "Libraries/iLLD/TC36A/Tricore/_PinMap/IfxDmu_PinMap.d" > "Libraries/iLLD/TC36A/Tricore/_PinMap/IfxDmu_PinMap.d_sed" && cp "Libraries/iLLD/TC36A/Tricore/_PinMap/IfxDmu_PinMap.d_sed" "Libraries/iLLD/TC36A/Tricore/_PinMap/IfxDmu_PinMap.d" && rm -f "Libraries/iLLD/TC36A/Tricore/_PinMap/IfxDmu_PinMap.d_sed" 2>/dev/null; else echo 'No dependency file to process';fi
Finished building: ../Libraries/iLLD/TC36A/Tricore/_PinMap/IfxDmu_PinMap.c
 
TASKING VX-toolset for AURIX Development Studio (non-commercial): control program v1.1r8 Build 22011964
Building file: ../Libraries/iLLD/TC36A/Tricore/_PinMap/IfxEdsadc_PinMap.c
Invoking: TASKING C/C++ Compiler
TASKING VX-toolset for AURIX Development Studio (non-commercial): control program v1.1r8 Build 22011964
cctc -cs --dep-file="Libraries/iLLD/TC36A/Tricore/_PinMap/IfxEdsadc_PinMap.d" --misrac-version=2004 -D__CPU__=tc36x "-fC:/Users/uif47623/AURIX-v1.9.0-workspace/TC3x7_XCP/Debug/TASKING_C_C___Compiler-Include_paths.opt" --iso=99 --c++14 --language=+volatile --exceptions --anachronisms --fp-model=3 -O0 --tradeoff=4 --compact-max-size=200 -g -Wc-w544 -Wc-w557 -Ctc36x -Y0 -N0 -Z0 -o "Libraries/iLLD/TC36A/Tricore/_PinMap/IfxEdsadc_PinMap.src" "../Libraries/iLLD/TC36A/Tricore/_PinMap/IfxEdsadc_PinMap.c" && \
if [ -f "Libraries/iLLD/TC36A/Tricore/_PinMap/IfxEdsadc_PinMap.d" ]; then sed.exe -r  -e 's/\b(.+\.o)\b/Libraries\/iLLD\/TC36A\/Tricore\/_PinMap\/\1/g' -e 's/\\/\//g' -e 's/\/\//\//g' -e 's/"//g' -e 's/([a-zA-Z]:\/)/\L\1/g' -e 's/\d32:/@TARGET_DELIMITER@/g; s/\\\d32/@ESCAPED_SPACE@/g; s/\d32/\\\d32/g; s/@ESCAPED_SPACE@/\\\d32/g; s/@TARGET_DELIMITER@/\d32:/g' "Libraries/iLLD/TC36A/Tricore/_PinMap/IfxEdsadc_PinMap.d" > "Libraries/iLLD/TC36A/Tricore/_PinMap/IfxEdsadc_PinMap.d_sed" && cp "Libraries/iLLD/TC36A/Tricore/_PinMap/IfxEdsadc_PinMap.d_sed" "Libraries/iLLD/TC36A/Tricore/_PinMap/IfxEdsadc_PinMap.d" && rm -f "Libraries/iLLD/TC36A/Tricore/_PinMap/IfxEdsadc_PinMap.d_sed" 2>/dev/null; else echo 'No dependency file to process';fi
Finished building: ../Libraries/iLLD/TC36A/Tricore/_PinMap/IfxEdsadc_PinMap.c
 
Building file: ../Libraries/iLLD/TC36A/Tricore/_PinMap/IfxEray_PinMap.c
Invoking: TASKING C/C++ Compiler
cctc -cs --dep-file="Libraries/iLLD/TC36A/Tricore/_PinMap/IfxEray_PinMap.d" --misrac-version=2004 -D__CPU__=tc36x "-fC:/Users/uif47623/AURIX-v1.9.0-workspace/TC3x7_XCP/Debug/TASKING_C_C___Compiler-Include_paths.opt" --iso=99 --c++14 --language=+volatile --exceptions --anachronisms --fp-model=3 -O0 --tradeoff=4 --compact-max-size=200 -g -Wc-w544 -Wc-w557 -Ctc36x -Y0 -N0 -Z0 -o "Libraries/iLLD/TC36A/Tricore/_PinMap/IfxEray_PinMap.src" "../Libraries/iLLD/TC36A/Tricore/_PinMap/IfxEray_PinMap.c" && \
if [ -f "Libraries/iLLD/TC36A/Tricore/_PinMap/IfxEray_PinMap.d" ]; then sed.exe -r  -e 's/\b(.+\.o)\b/Libraries\/iLLD\/TC36A\/Tricore\/_PinMap\/\1/g' -e 's/\\/\//g' -e 's/\/\//\//g' -e 's/"//g' -e 's/([a-zA-Z]:\/)/\L\1/g' -e 's/\d32:/@TARGET_DELIMITER@/g; s/\\\d32/@ESCAPED_SPACE@/g; s/\d32/\\\d32/g; s/@ESCAPED_SPACE@/\\\d32/g; s/@TARGET_DELIMITER@/\d32:/g' "Libraries/iLLD/TC36A/Tricore/_PinMap/IfxEray_PinMap.d" > "Libraries/iLLD/TC36A/Tricore/_PinMap/IfxEray_PinMap.d_sed" && cp "Libraries/iLLD/TC36A/Tricore/_PinMap/IfxEray_PinMap.d_sed" "Libraries/iLLD/TC36A/Tricore/_PinMap/IfxEray_PinMap.d" && rm -f "Libraries/iLLD/TC36A/Tricore/_PinMap/IfxEray_PinMap.d_sed" 2>/dev/null; else echo 'No dependency file to process';fi
Finished building: ../Libraries/iLLD/TC36A/Tricore/_PinMap/IfxEray_PinMap.c
 
TASKING VX-toolset for AURIX Development Studio (non-commercial): control program v1.1r8 Build 22011964
Building file: ../Libraries/iLLD/TC36A/Tricore/_PinMap/IfxGtm_PinMap.c
Invoking: TASKING C/C++ Compiler
TASKING VX-toolset for AURIX Development Studio (non-commercial): control program v1.1r8 Build 22011964
cctc -cs --dep-file="Libraries/iLLD/TC36A/Tricore/_PinMap/IfxGtm_PinMap.d" --misrac-version=2004 -D__CPU__=tc36x "-fC:/Users/uif47623/AURIX-v1.9.0-workspace/TC3x7_XCP/Debug/TASKING_C_C___Compiler-Include_paths.opt" --iso=99 --c++14 --language=+volatile --exceptions --anachronisms --fp-model=3 -O0 --tradeoff=4 --compact-max-size=200 -g -Wc-w544 -Wc-w557 -Ctc36x -Y0 -N0 -Z0 -o "Libraries/iLLD/TC36A/Tricore/_PinMap/IfxGtm_PinMap.src" "../Libraries/iLLD/TC36A/Tricore/_PinMap/IfxGtm_PinMap.c" && \
if [ -f "Libraries/iLLD/TC36A/Tricore/_PinMap/IfxGtm_PinMap.d" ]; then sed.exe -r  -e 's/\b(.+\.o)\b/Libraries\/iLLD\/TC36A\/Tricore\/_PinMap\/\1/g' -e 's/\\/\//g' -e 's/\/\//\//g' -e 's/"//g' -e 's/([a-zA-Z]:\/)/\L\1/g' -e 's/\d32:/@TARGET_DELIMITER@/g; s/\\\d32/@ESCAPED_SPACE@/g; s/\d32/\\\d32/g; s/@ESCAPED_SPACE@/\\\d32/g; s/@TARGET_DELIMITER@/\d32:/g' "Libraries/iLLD/TC36A/Tricore/_PinMap/IfxGtm_PinMap.d" > "Libraries/iLLD/TC36A/Tricore/_PinMap/IfxGtm_PinMap.d_sed" && cp "Libraries/iLLD/TC36A/Tricore/_PinMap/IfxGtm_PinMap.d_sed" "Libraries/iLLD/TC36A/Tricore/_PinMap/IfxGtm_PinMap.d" && rm -f "Libraries/iLLD/TC36A/Tricore/_PinMap/IfxGtm_PinMap.d_sed" 2>/dev/null; else echo 'No dependency file to process';fi
ctc E208: ["C:\\Users\\uif47623\\AURIX-v1.9.0-workspace\\TC3x7_XCP\\Libraries\\iLLD\\TC36A\\Tricore\_Impl\IfxGtm_cfg.h" 464/5] syntax error - token "<basic-type>" inserted before "Ifx_GTM_TOM_TGC_GLB_CTRL"
ctc E208: ["C:\\Users\\uif47623\\AURIX-v1.9.0-workspace\\TC3x7_XCP\\Libraries\\iLLD\\TC36A\\Tricore\_Impl\IfxGtm_cfg.h" 464/32] syntax error - token ";" inserted before "GLB_CTRL"
ctc E208: ["C:\\Users\\uif47623\\AURIX-v1.9.0-workspace\\TC3x7_XCP\\Libraries\\iLLD\\TC36A\\Tricore\_Impl\IfxGtm_cfg.h" 464/32] syntax error - token "<basic-type>" inserted before "GLB_CTRL"
ctc E208: ["C:\\Users\\uif47623\\AURIX-v1.9.0-workspace\\TC3x7_XCP\\Libraries\\iLLD\\TC36A\\Tricore\_Impl\IfxGtm_cfg.h" 465/5] syntax error - token "<basic-type>" inserted before "Ifx_GTM_TOM_TGC_ACT_TB"
ctc E208: ["C:\\Users\\uif47623\\AURIX-v1.9.0-workspace\\TC3x7_XCP\\Libraries\\iLLD\\TC36A\\Tricore\_Impl\IfxGtm_cfg.h" 465/32] syntax error - token ";" inserted before "ACT_TB"
ctc E208: ["C:\\Users\\uif47623\\AURIX-v1.9.0-workspace\\TC3x7_XCP\\Libraries\\iLLD\\TC36A\\Tricore\_Impl\IfxGtm_cfg.h" 465/32] syntax error - token "<basic-type>" inserted before "ACT_TB"
ctc E208: ["C:\\Users\\uif47623\\AURIX-v1.9.0-workspace\\TC3x7_XCP\\Libraries\\iLLD\\TC36A\\Tricore\_Impl\IfxGtm_cfg.h" 466/5] syntax error - token "<basic-type>" inserted before "Ifx_GTM_TOM_TGC_FUPD_CTRL"
ctc E208: ["C:\\Users\\uif47623\\AURIX-v1.9.0-workspace\\TC3x7_XCP\\Libraries\\iLLD\\TC36A\\Tricore\_Impl\IfxGtm_cfg.h" 466/32] syntax error - token ";" inserted before "FUPD_CTRL"
ctc E208: ["C:\\Users\\uif47623\\AURIX-v1.9.0-workspace\\TC3x7_XCP\\Libraries\\iLLD\\TC36A\\Tricore\_Impl\IfxGtm_cfg.h" 466/32] syntax error - token "<basic-type>" inserted before "FUPD_CTRL"
ctc E208: ["C:\\Users\\uif47623\\AURIX-v1.9.0-workspace\\TC3x7_XCP\\Libraries\\iLLD\\TC36A\\Tricore\_Impl\IfxGtm_cfg.h" 467/5] syntax error - token "<basic-type>" inserted before "Ifx_GTM_TOM_TGC_INT_TRIG"
ctc E208: ["C:\\Users\\uif47623\\AURIX-v1.9.0-workspace\\TC3x7_XCP\\Libraries\\iLLD\\TC36A\\Tricore\_Impl\IfxGtm_cfg.h" 467/32] syntax error - token ";" inserted before "INT_TRIG"
ctc E208: ["C:\\Users\\uif47623\\AURIX-v1.9.0-workspace\\TC3x7_XCP\\Libraries\\iLLD\\TC36A\\Tricore\_Impl\IfxGtm_cfg.h" 467/32] syntax error - token "<basic-type>" inserted before "INT_TRIG"
ctc E208: ["C:\\Users\\uif47623\\AURIX-v1.9.0-workspace\\TC3x7_XCP\\Libraries\\iLLD\\TC36A\\Tricore\_Impl\IfxGtm_cfg.h" 470/5] syntax error - token "<basic-type>" inserted before "Ifx_GTM_TOM_TGC_ENDIS_CTRL"
ctc E208: ["C:\\Users\\uif47623\\AURIX-v1.9.0-workspace\\TC3x7_XCP\\Libraries\\iLLD\\TC36A\\Tricore\_Impl\IfxGtm_cfg.h" 470/32] syntax error - token ";" inserted before "ENDIS_CTRL"
ctc E208: ["C:\\Users\\uif47623\\AURIX-v1.9.0-workspace\\TC3x7_XCP\\Libraries\\iLLD\\TC36A\\Tricore\_Impl\IfxGtm_cfg.h" 470/32] syntax error - token "<basic-type>" inserted before "ENDIS_CTRL"
ctc E208: ["C:\\Users\\uif47623\\AURIX-v1.9.0-workspace\\TC3x7_XCP\\Libraries\\iLLD\\TC36A\\Tricore\_Impl\IfxGtm_cfg.h" 471/5] syntax error - token "<basic-type>" inserted before "Ifx_GTM_TOM_TGC_ENDIS_STAT"
ctc E208: ["C:\\Users\\uif47623\\AURIX-v1.9.0-workspace\\TC3x7_XCP\\Libraries\\iLLD\\TC36A\\Tricore\_Impl\IfxGtm_cfg.h" 471/32] syntax error - token ";" inserted before "ENDIS_STAT"
ctc E208: ["C:\\Users\\uif47623\\AURIX-v1.9.0-workspace\\TC3x7_XCP\\Libraries\\iLLD\\TC36A\\Tricore\_Impl\IfxGtm_cfg.h" 471/32] syntax error - token "<basic-type>" inserted before "ENDIS_STAT"
ctc E208: ["C:\\Users\\uif47623\\AURIX-v1.9.0-workspace\\TC3x7_XCP\\Libraries\\iLLD\\TC36A\\Tricore\_Impl\IfxGtm_cfg.h" 472/5] syntax error - token "<basic-type>" inserted before "Ifx_GTM_TOM_TGC_OUTEN_CTRL"
ctc E208: ["C:\\Users\\uif47623\\AURIX-v1.9.0-workspace\\TC3x7_XCP\\Libraries\\iLLD\\TC36A\\Tricore\_Impl\IfxGtm_cfg.h" 472/32] syntax error - token ";" inserted before "OUTEN_CTRL"
ctc E208: ["C:\\Users\\uif47623\\AURIX-v1.9.0-workspace\\TC3x7_XCP\\Libraries\\iLLD\\TC36A\\Tricore\_Impl\IfxGtm_cfg.h" 472/32] syntax error - token "<basic-type>" inserted before "OUTEN_CTRL"
ctc E208: ["C:\\Users\\uif47623\\AURIX-v1.9.0-workspace\\TC3x7_XCP\\Libraries\\iLLD\\TC36A\\Tricore\_Impl\IfxGtm_cfg.h" 473/5] syntax error - token "<basic-type>" inserted before "Ifx_GTM_TOM_TGC_OUTEN_STAT"
ctc E208: ["C:\\Users\\uif47623\\AURIX-v1.9.0-workspace\\TC3x7_XCP\\Libraries\\iLLD\\TC36A\\Tricore\_Impl\IfxGtm_cfg.h" 473/32] syntax error - token ";" inserted before "OUTEN_STAT"
ctc E208: ["C:\\Users\\uif47623\\AURIX-v1.9.0-workspace\\TC3x7_XCP\\Libraries\\iLLD\\TC36A\\Tricore\_Impl\IfxGtm_cfg.h" 473/32] syntax error - token "<basic-type>" inserted before "OUTEN_STAT"
ctc E208: ["C:\\Users\\uif47623\\AURIX-v1.9.0-workspace\\TC3x7_XCP\\Libraries\\iLLD\\TC36A\\Tricore\Gtm\Std\IfxGtm.h" 160/22] syntax error - token ";" inserted before "ocs"
ctc E208: ["C:\\Users\\uif47623\\AURIX-v1.9.0-workspace\\TC3x7_XCP\\Libraries\\iLLD\\TC36A\\Tricore\Gtm\Std\IfxGtm.h" 172/22] syntax error - token ";" inserted before "ocs"
ctc E208: ["C:\\Users\\uif47623\\AURIX-v1.9.0-workspace\\TC3x7_XCP\\Libraries\\iLLD\\TC36A\\Tricore\Gtm\Std\IfxGtm_Tim.h" 501/24] syntax error - token ";" inserted before "src"
ctc E208: ["C:\\Users\\uif47623\\AURIX-v1.9.0-workspace\\TC3x7_XCP\\Libraries\\iLLD\\TC36A\\Tricore\Gtm\Std\IfxGtm_Tim.h" 592/24] syntax error - token ";" inserted before "src"
28 errors, 0 warnings
make: *** [Libraries/iLLD/TC36A/Tricore/_PinMap/subdir.mk:100: Libraries/iLLD/TC36A/Tricore/_PinMap/IfxGtm_PinMap.src] Error 1
Building file: ../Libraries/iLLD/TC36A/Tricore/_PinMap/IfxGpt12_PinMap.c
Invoking: TASKING C/C++ Compiler
cctc -cs --dep-file="Libraries/iLLD/TC36A/Tricore/_PinMap/IfxGpt12_PinMap.d" --misrac-version=2004 -D__CPU__=tc36x "-fC:/Users/uif47623/AURIX-v1.9.0-workspace/TC3x7_XCP/Debug/TASKING_C_C___Compiler-Include_paths.opt" --iso=99 --c++14 --language=+volatile --exceptions --anachronisms --fp-model=3 -O0 --tradeoff=4 --compact-max-size=200 -g -Wc-w544 -Wc-w557 -Ctc36x -Y0 -N0 -Z0 -o "Libraries/iLLD/TC36A/Tricore/_PinMap/IfxGpt12_PinMap.src" "../Libraries/iLLD/TC36A/Tricore/_PinMap/IfxGpt12_PinMap.c" && \
if [ -f "Libraries/iLLD/TC36A/Tricore/_PinMap/IfxGpt12_PinMap.d" ]; then sed.exe -r  -e 's/\b(.+\.o)\b/Libraries\/iLLD\/TC36A\/Tricore\/_PinMap\/\1/g' -e 's/\\/\//g' -e 's/\/\//\//g' -e 's/"//g' -e 's/([a-zA-Z]:\/)/\L\1/g' -e 's/\d32:/@TARGET_DELIMITER@/g; s/\\\d32/@ESCAPED_SPACE@/g; s/\d32/\\\d32/g; s/@ESCAPED_SPACE@/\\\d32/g; s/@TARGET_DELIMITER@/\d32:/g' "Libraries/iLLD/TC36A/Tricore/_PinMap/IfxGpt12_PinMap.d" > "Libraries/iLLD/TC36A/Tricore/_PinMap/IfxGpt12_PinMap.d_sed" && cp "Libraries/iLLD/TC36A/Tricore/_PinMap/IfxGpt12_PinMap.d_sed" "Libraries/iLLD/TC36A/Tricore/_PinMap/IfxGpt12_PinMap.d" && rm -f "Libraries/iLLD/TC36A/Tricore/_PinMap/IfxGpt12_PinMap.d_sed" 2>/dev/null; else echo 'No dependency file to process';fi
Finished building: ../Libraries/iLLD/TC36A/Tricore/_PinMap/IfxGpt12_PinMap.c
 
TASKING VX-toolset for AURIX Development Studio (non-commercial): control program v1.1r8 Build 22011964
Building file: ../Libraries/iLLD/TC36A/Tricore/_PinMap/IfxGeth_PinMap.c
Invoking: TASKING C/C++ Compiler
cctc -cs --dep-file="Libraries/iLLD/TC36A/Tricore/_PinMap/IfxGeth_PinMap.d" --misrac-version=2004 -D__CPU__=tc36x "-fC:/Users/uif47623/AURIX-v1.9.0-workspace/TC3x7_XCP/Debug/TASKING_C_C___Compiler-Include_paths.opt" --iso=99 --c++14 --language=+volatile --exceptions --anachronisms --fp-model=3 -O0 --tradeoff=4 --compact-max-size=200 -g -Wc-w544 -Wc-w557 -Ctc36x -Y0 -N0 -Z0 -o "Libraries/iLLD/TC36A/Tricore/_PinMap/IfxGeth_PinMap.src" "../Libraries/iLLD/TC36A/Tricore/_PinMap/IfxGeth_PinMap.c" && \
if [ -f "Libraries/iLLD/TC36A/Tricore/_PinMap/IfxGeth_PinMap.d" ]; then sed.exe -r  -e 's/\b(.+\.o)\b/Libraries\/iLLD\/TC36A\/Tricore\/_PinMap\/\1/g' -e 's/\\/\//g' -e 's/\/\//\//g' -e 's/"//g' -e 's/([a-zA-Z]:\/)/\L\1/g' -e 's/\d32:/@TARGET_DELIMITER@/g; s/\\\d32/@ESCAPED_SPACE@/g; s/\d32/\\\d32/g; s/@ESCAPED_SPACE@/\\\d32/g; s/@TARGET_DELIMITER@/\d32:/g' "Libraries/iLLD/TC36A/Tricore/_PinMap/IfxGeth_PinMap.d" > "Libraries/iLLD/TC36A/Tricore/_PinMap/IfxGeth_PinMap.d_sed" && cp "Libraries/iLLD/TC36A/Tricore/_PinMap/IfxGeth_PinMap.d_sed" "Libraries/iLLD/TC36A/Tricore/_PinMap/IfxGeth_PinMap.d" && rm -f "Libraries/iLLD/TC36A/Tricore/_PinMap/IfxGeth_PinMap.d_sed" 2>/dev/null; else echo 'No dependency file to process';fi
Finished building: ../Libraries/iLLD/TC36A/Tricore/_PinMap/IfxGeth_PinMap.c
 
TASKING VX-toolset for AURIX Development Studio (non-commercial): control program v1.1r8 Build 22011964
Building file: ../Libraries/iLLD/TC36A/Tricore/_PinMap/IfxEvadc_PinMap.c
Invoking: TASKING C/C++ Compiler
cctc -cs --dep-file="Libraries/iLLD/TC36A/Tricore/_PinMap/IfxEvadc_PinMap.d" --misrac-version=2004 -D__CPU__=tc36x "-fC:/Users/uif47623/AURIX-v1.9.0-workspace/TC3x7_XCP/Debug/TASKING_C_C___Compiler-Include_paths.opt" --iso=99 --c++14 --language=+volatile --exceptions --anachronisms --fp-model=3 -O0 --tradeoff=4 --compact-max-size=200 -g -Wc-w544 -Wc-w557 -Ctc36x -Y0 -N0 -Z0 -o "Libraries/iLLD/TC36A/Tricore/_PinMap/IfxEvadc_PinMap.src" "../Libraries/iLLD/TC36A/Tricore/_PinMap/IfxEvadc_PinMap.c" && \
TASKING VX-toolset for AURIX Development Studio (non-commercial): control program v1.1r8 Build 22011964
if [ -f "Libraries/iLLD/TC36A/Tricore/_PinMap/IfxEvadc_PinMap.d" ]; then sed.exe -r  -e 's/\b(.+\.o)\b/Libraries\/iLLD\/TC36A\/Tricore\/_PinMap\/\1/g' -e 's/\\/\//g' -e 's/\/\//\//g' -e 's/"//g' -e 's/([a-zA-Z]:\/)/\L\1/g' -e 's/\d32:/@TARGET_DELIMITER@/g; s/\\\d32/@ESCAPED_SPACE@/g; s/\d32/\\\d32/g; s/@ESCAPED_SPACE@/\\\d32/g; s/@TARGET_DELIMITER@/\d32:/g' "Libraries/iLLD/TC36A/Tricore/_PinMap/IfxEvadc_PinMap.d" > "Libraries/iLLD/TC36A/Tricore/_PinMap/IfxEvadc_PinMap.d_sed" && cp "Libraries/iLLD/TC36A/Tricore/_PinMap/IfxEvadc_PinMap.d_sed" "Libraries/iLLD/TC36A/Tricore/_PinMap/IfxEvadc_PinMap.d" && rm -f "Libraries/iLLD/TC36A/Tricore/_PinMap/IfxEvadc_PinMap.d_sed" 2>/dev/null; else echo 'No dependency file to process';fi
Finished building: ../Libraries/iLLD/TC36A/Tricore/_PinMap/IfxEvadc_PinMap.c
 
rm Libraries/iLLD/TC36A/Tricore/_PinMap/IfxCcu6_PinMap.src Libraries/iLLD/TC36A/Tricore/_PinMap/IfxCan_PinMap.src Libraries/iLLD/TC36A/Tricore/_PinMap/IfxEray_PinMap.src Libraries/iLLD/TC36A/Tricore/_PinMap/IfxGpt12_PinMap.src Libraries/iLLD/TC36A/Tricore/_PinMap/IfxEdsadc_PinMap.src Libraries/iLLD/TC36A/Tricore/_PinMap/IfxGeth_PinMap.src Libraries/iLLD/TC36A/Tricore/_PinMap/IfxEvadc_PinMap.src Libraries/iLLD/TC36A/Tricore/_PinMap/IfxDmu_PinMap.src
"make --output-sync -j16 all" terminated with exit code 2. Build might be incomplete.

14:50:33 Build Failed. 70 errors, 29 warnings. (took 1s.741ms)

